<?xml version="1.0" encoding="UTF-8"?>
<testng-results ignored="0" total="3" passed="3" failed="0" skipped="0">
  <reporter-output>
    <line>
      <![CDATA[1]]>
    </line>
    <line>
      <![CDATA[2]]>
    </line>
    <line>
      <![CDATA[3]]>
    </line>
  </reporter-output>
  <suite started-at="2023-05-12T15:11:34 IST" name="Suite" finished-at="2023-05-12T15:11:34 IST" duration-ms="107">
    <groups>
    </groups>
    <test started-at="2023-05-12T15:11:34 IST" name="Test" finished-at="2023-05-12T15:11:34 IST" duration-ms="107">
      <class name="qsp1.Test1">
        <test-method signature="data1()[pri:0, instance:qsp1.Test1@524d6d96]" started-at="2023-05-12T15:11:34 IST" name="data1" finished-at="2023-05-12T15:11:34 IST" duration-ms="19" status="PASS">
          <reporter-output>
            <line>
              <![CDATA[1]]>
            </line>
          </reporter-output>
        </test-method> <!-- data1 -->
        <test-method signature="data2()[pri:0, instance:qsp1.Test1@524d6d96]" started-at="2023-05-12T15:11:34 IST" name="data2" finished-at="2023-05-12T15:11:34 IST" duration-ms="4" status="PASS">
          <reporter-output>
            <line>
              <![CDATA[2]]>
            </line>
          </reporter-output>
        </test-method> <!-- data2 -->
      </class> <!-- qsp1.Test1 -->
      <class name="qsp1.Test2">
        <test-method signature="data3()[pri:0, instance:qsp1.Test2@770d3326]" started-at="2023-05-12T15:11:34 IST" name="data3" finished-at="2023-05-12T15:11:34 IST" duration-ms="6" status="PASS">
          <reporter-output>
            <line>
              <![CDATA[3]]>
            </line>
          </reporter-output>
        </test-method> <!-- data3 -->
      </class> <!-- qsp1.Test2 -->
    </test> <!-- Test -->
  </suite> <!-- Suite -->
</testng-results>
